03/07/2022 08:09:02 PM - INFO - C:\kiran\selenium\project4\pages\amz_home.py: Item Searched with keyword : python programming
03/07/2022 08:09:02 PM - INFO - C:\kiran\selenium\project4\pages\amz_search_results.py: Item Search completed.
03/07/2022 08:09:13 PM - INFO - C:\kiran\selenium\project4\pages\amz_home.py: Item Searched with keyword : java programming
03/07/2022 08:09:13 PM - INFO - C:\kiran\selenium\project4\pages\amz_search_results.py: Item Search completed.
03/07/2022 08:09:23 PM - INFO - C:\kiran\selenium\project4\pages\amz_home.py: Item Searched with keyword : datascience programming
03/07/2022 08:09:23 PM - INFO - C:\kiran\selenium\project4\pages\amz_search_results.py: Item Search completed.
03/07/2022 08:30:14 PM - INFO - C:\kiran\selenium\project4\pages\amz_home.py: Item Searched with keyword : python programming
03/07/2022 08:30:14 PM - INFO - C:\kiran\selenium\project4\pages\amz_search_results.py: Item Search completed.
03/07/2022 08:30:25 PM - INFO - C:\kiran\selenium\project4\pages\amz_home.py: Item Searched with keyword : java programming
03/07/2022 08:30:25 PM - INFO - C:\kiran\selenium\project4\pages\amz_search_results.py: Item Search completed.
03/07/2022 08:30:36 PM - INFO - C:\kiran\selenium\project4\pages\amz_home.py: Item Searched with keyword : ai programming
03/07/2022 08:30:36 PM - INFO - C:\kiran\selenium\project4\pages\amz_search_results.py: Item Search completed.
03/07/2022 08:40:33 PM - INFO - C:\kiran\selenium\project4\pages\amz_home.py: Item Searched with keyword : python programming
03/07/2022 08:40:33 PM - INFO - C:\kiran\selenium\project4\pages\amz_search_results.py: Item Search completed.
03/07/2022 08:40:43 PM - INFO - C:\kiran\selenium\project4\pages\amz_home.py: Item Searched with keyword : dbms
03/07/2022 08:40:43 PM - INFO - C:\kiran\selenium\project4\pages\amz_search_results.py: Item Search completed.
03/07/2022 09:21:02 PM - INFO - C:\kiran\selenium\project4\pages\amz_home.py: Item Searched with keyword : python programming
03/07/2022 09:21:02 PM - INFO - C:\kiran\selenium\project4\pages\amz_search_results.py: Item Search completed.
03/07/2022 09:21:12 PM - INFO - C:\kiran\selenium\project4\pages\amz_home.py: Item Searched with keyword : dbms
03/07/2022 09:21:12 PM - INFO - C:\kiran\selenium\project4\pages\amz_search_results.py: Item Search completed.
03/07/2022 09:22:41 PM - INFO - C:\kiran\selenium\project4\pages\amz_home.py: Item Searched with keyword : python programming
03/07/2022 09:22:41 PM - INFO - C:\kiran\selenium\project4\pages\amz_search_results.py: Item Search completed.
03/07/2022 09:22:53 PM - INFO - C:\kiran\selenium\project4\pages\amz_home.py: Item Searched with keyword : dbms
03/07/2022 09:22:54 PM - INFO - C:\kiran\selenium\project4\pages\amz_search_results.py: Item Search completed.
03/07/2022 09:24:53 PM - INFO - C:\kiran\selenium\project4\pages\amz_home.py: Item Searched with keyword : python programming
03/07/2022 09:24:53 PM - INFO - C:\kiran\selenium\project4\pages\amz_search_results.py: Item Search completed.
03/07/2022 09:25:02 PM - INFO - C:\kiran\selenium\project4\pages\amz_home.py: Item Searched with keyword : dbms
03/07/2022 09:25:03 PM - INFO - C:\kiran\selenium\project4\pages\amz_search_results.py: Item Search completed.
04/07/2022 10:55:47 AM - INFO - C:\kiran\selenium\project4\pages\amz_home.py: Item Searched with keyword : python programming
04/07/2022 10:55:47 AM - INFO - C:\kiran\selenium\project4\pages\amz_search_results.py: Item Search completed.
04/07/2022 10:56:02 AM - INFO - C:\kiran\selenium\project4\pages\amz_home.py: Item Searched with keyword : html programming
04/07/2022 10:56:02 AM - INFO - C:\kiran\selenium\project4\pages\amz_search_results.py: Item Search completed.
04/07/2022 10:56:17 AM - INFO - C:\kiran\selenium\project4\pages\amz_home.py: Item Searched with keyword : dbms
04/07/2022 10:56:17 AM - INFO - C:\kiran\selenium\project4\pages\amz_search_results.py: Item Search completed.
04/07/2022 12:10:02 PM - INFO - C:\kiran\selenium\project4\pages\amz_home.py: Item Searched with keyword : python programming
04/07/2022 12:10:02 PM - INFO - C:\kiran\selenium\project4\pages\amz_search_results.py: Item Search completed.
04/07/2022 12:10:20 PM - INFO - C:\kiran\selenium\project4\pages\amz_home.py: Item Searched with keyword : html programming
04/07/2022 12:10:21 PM - INFO - C:\kiran\selenium\project4\pages\amz_search_results.py: Item Search completed.
04/07/2022 12:10:32 PM - INFO - C:\kiran\selenium\project4\pages\amz_home.py: Item Searched with keyword : dbms
04/07/2022 12:10:32 PM - INFO - C:\kiran\selenium\project4\pages\amz_search_results.py: Item Search completed.
04/07/2022 12:26:25 PM - INFO - C:\kiran\selenium\project4\pages\amz_home.py: Item Searched with keyword : mysql programming
04/07/2022 12:26:26 PM - INFO - C:\kiran\selenium\project4\pages\amz_search_results.py: Item Search completed.
04/07/2022 12:26:37 PM - INFO - C:\kiran\selenium\project4\pages\amz_home.py: Item Searched with keyword : html programming
04/07/2022 12:26:37 PM - INFO - C:\kiran\selenium\project4\pages\amz_search_results.py: Item Search completed.
04/07/2022 12:26:47 PM - INFO - C:\kiran\selenium\project4\pages\amz_home.py: Item Searched with keyword : dbms
04/07/2022 12:26:47 PM - INFO - C:\kiran\selenium\project4\pages\amz_search_results.py: Item Search completed.
04/07/2022 12:28:24 PM - INFO - C:\kiran\selenium\project4\pages\amz_home.py: Item Searched with keyword : mysql programming
04/07/2022 12:28:24 PM - INFO - C:\kiran\selenium\project4\pages\amz_search_results.py: Item Search completed.
04/07/2022 12:28:34 PM - INFO - C:\kiran\selenium\project4\pages\amz_home.py: Item Searched with keyword : html programming
04/07/2022 12:28:35 PM - INFO - C:\kiran\selenium\project4\pages\amz_search_results.py: Item Search completed.
04/07/2022 12:28:45 PM - INFO - C:\kiran\selenium\project4\pages\amz_home.py: Item Searched with keyword : dbms
04/07/2022 12:28:45 PM - INFO - C:\kiran\selenium\project4\pages\amz_search_results.py: Item Search completed.
04/07/2022 04:33:45 PM - INFO - C:\kiran\selenium\project4\pages\amz_home.py: Item Searched with keyword : mysql programming
04/07/2022 04:33:45 PM - INFO - C:\kiran\selenium\project4\pages\amz_search_results.py: Item Search completed.
04/07/2022 04:34:05 PM - INFO - C:\kiran\selenium\project4\pages\amz_home.py: Item Searched with keyword : html programming
04/07/2022 04:34:05 PM - INFO - C:\kiran\selenium\project4\pages\amz_search_results.py: Item Search completed.
04/07/2022 04:34:16 PM - INFO - C:\kiran\selenium\project4\pages\amz_home.py: Item Searched with keyword : dbms
04/07/2022 04:34:16 PM - INFO - C:\kiran\selenium\project4\pages\amz_search_results.py: Item Search completed.
04/07/2022 04:50:10 PM - INFO - C:\kiran\selenium\project4\pages\amz_home.py: Item Searched with keyword : mysql programming
04/07/2022 04:50:10 PM - INFO - C:\kiran\selenium\project4\pages\amz_search_results.py: Item Search completed.
04/07/2022 04:50:21 PM - INFO - C:\kiran\selenium\project4\pages\amz_home.py: Item Searched with keyword : html programming
04/07/2022 04:50:21 PM - INFO - C:\kiran\selenium\project4\pages\amz_search_results.py: Item Search completed.
04/07/2022 04:50:31 PM - INFO - C:\kiran\selenium\project4\pages\amz_home.py: Item Searched with keyword : dbms
04/07/2022 04:50:31 PM - INFO - C:\kiran\selenium\project4\pages\amz_search_results.py: Item Search completed.
04/07/2022 04:59:13 PM - INFO - C:\kiran\selenium\project4\pages\amz_home.py: Item Searched with keyword : mysql programming
04/07/2022 04:59:13 PM - INFO - C:\kiran\selenium\project4\pages\amz_search_results.py: Item Search completed.
04/07/2022 04:59:25 PM - INFO - C:\kiran\selenium\project4\pages\amz_home.py: Item Searched with keyword : html programming
04/07/2022 04:59:25 PM - INFO - C:\kiran\selenium\project4\pages\amz_search_results.py: Item Search completed.
04/07/2022 04:59:35 PM - INFO - C:\kiran\selenium\project4\pages\amz_home.py: Item Searched with keyword : dbms
04/07/2022 04:59:35 PM - INFO - C:\kiran\selenium\project4\pages\amz_search_results.py: Item Search completed.
04/07/2022 05:01:15 PM - INFO - C:\kiran\selenium\project4\pages\amz_home.py: Item Searched with keyword : mysql programming
04/07/2022 05:01:16 PM - INFO - C:\kiran\selenium\project4\pages\amz_search_results.py: Item Search completed.
04/07/2022 05:01:27 PM - INFO - C:\kiran\selenium\project4\pages\amz_home.py: Item Searched with keyword : html programming
04/07/2022 05:01:27 PM - INFO - C:\kiran\selenium\project4\pages\amz_search_results.py: Item Search completed.
04/07/2022 05:01:41 PM - INFO - C:\kiran\selenium\project4\pages\amz_home.py: Item Searched with keyword : dbms
04/07/2022 05:01:41 PM - INFO - C:\kiran\selenium\project4\pages\amz_search_results.py: Item Search completed.
04/07/2022 05:02:57 PM - INFO - C:\kiran\selenium\project4\pages\amz_home.py: Item Searched with keyword : mysql programming
04/07/2022 05:02:57 PM - INFO - C:\kiran\selenium\project4\pages\amz_search_results.py: Item Search completed.
04/07/2022 05:03:07 PM - INFO - C:\kiran\selenium\project4\pages\amz_home.py: Item Searched with keyword : html programming
04/07/2022 05:03:07 PM - INFO - C:\kiran\selenium\project4\pages\amz_search_results.py: Item Search completed.
04/07/2022 05:03:17 PM - INFO - C:\kiran\selenium\project4\pages\amz_home.py: Item Searched with keyword : dbms
04/07/2022 05:03:17 PM - INFO - C:\kiran\selenium\project4\pages\amz_search_results.py: Item Search completed.
04/07/2022 05:07:51 PM - INFO - C:\kiran\selenium\project4\pages\amz_home.py: Item Searched with keyword : mysql programming
04/07/2022 05:07:51 PM - INFO - C:\kiran\selenium\project4\pages\amz_search_results.py: Item Search completed.
04/07/2022 05:08:03 PM - INFO - C:\kiran\selenium\project4\pages\amz_home.py: Item Searched with keyword : html programming
04/07/2022 05:08:04 PM - INFO - C:\kiran\selenium\project4\pages\amz_search_results.py: Item Search completed.
04/07/2022 05:08:18 PM - INFO - C:\kiran\selenium\project4\pages\amz_home.py: Item Searched with keyword : dbms
04/07/2022 05:08:19 PM - INFO - C:\kiran\selenium\project4\pages\amz_search_results.py: Item Search completed.
04/07/2022 05:13:17 PM - INFO - C:\kiran\selenium\project4\pages\amz_home.py: Item Searched with keyword : mysql programming
04/07/2022 05:13:17 PM - INFO - C:\kiran\selenium\project4\pages\amz_search_results.py: Item Search completed.
04/07/2022 05:13:28 PM - INFO - C:\kiran\selenium\project4\pages\amz_home.py: Item Searched with keyword : html programming
04/07/2022 05:13:28 PM - INFO - C:\kiran\selenium\project4\pages\amz_search_results.py: Item Search completed.
04/07/2022 05:13:40 PM - INFO - C:\kiran\selenium\project4\pages\amz_home.py: Item Searched with keyword : dbms
04/07/2022 05:13:40 PM - INFO - C:\kiran\selenium\project4\pages\amz_search_results.py: Item Search completed.
04/07/2022 05:19:53 PM - INFO - C:\kiran\selenium\project4\pages\amz_home.py: Item Searched with keyword : mysql programming
04/07/2022 05:19:53 PM - INFO - C:\kiran\selenium\project4\pages\amz_search_results.py: Item Search completed.
04/07/2022 05:20:03 PM - INFO - C:\kiran\selenium\project4\pages\amz_home.py: Item Searched with keyword : html programming
04/07/2022 05:20:03 PM - INFO - C:\kiran\selenium\project4\pages\amz_search_results.py: Item Search completed.
04/07/2022 05:20:13 PM - INFO - C:\kiran\selenium\project4\pages\amz_home.py: Item Searched with keyword : dbms
04/07/2022 05:20:13 PM - INFO - C:\kiran\selenium\project4\pages\amz_search_results.py: Item Search completed.
04/07/2022 05:40:18 PM - INFO - C:\kiran\selenium\project4\pages\amz_home.py: Item Searched with keyword : mysql programming
04/07/2022 05:40:18 PM - INFO - C:\kiran\selenium\project4\pages\amz_search_results.py: Item Search completed.
04/07/2022 05:40:34 PM - INFO - C:\kiran\selenium\project4\pages\amz_home.py: Item Searched with keyword : html programming
04/07/2022 05:40:34 PM - INFO - C:\kiran\selenium\project4\pages\amz_search_results.py: Item Search completed.
04/07/2022 05:40:46 PM - INFO - C:\kiran\selenium\project4\pages\amz_home.py: Item Searched with keyword : dbms
04/07/2022 05:40:46 PM - INFO - C:\kiran\selenium\project4\pages\amz_search_results.py: Item Search completed.
04/07/2022 05:55:46 PM - INFO - C:\kiran\selenium\project4\pages\amz_home.py: Item Searched with keyword : mysql programming
04/07/2022 05:55:46 PM - INFO - C:\kiran\selenium\project4\pages\amz_search_results.py: Item Search completed.
04/07/2022 05:56:06 PM - INFO - C:\kiran\selenium\project4\pages\amz_home.py: Item Searched with keyword : html programming
04/07/2022 05:56:06 PM - INFO - C:\kiran\selenium\project4\pages\amz_search_results.py: Item Search completed.
04/07/2022 05:56:20 PM - INFO - C:\kiran\selenium\project4\pages\amz_home.py: Item Searched with keyword : dbms
04/07/2022 05:56:20 PM - INFO - C:\kiran\selenium\project4\pages\amz_search_results.py: Item Search completed.
04/07/2022 05:58:26 PM - INFO - C:\kiran\selenium\project4\pages\amz_home.py: Item Searched with keyword : mysql programming
04/07/2022 05:58:26 PM - INFO - C:\kiran\selenium\project4\pages\amz_search_results.py: Item Search completed.
04/07/2022 05:58:37 PM - INFO - C:\kiran\selenium\project4\pages\amz_home.py: Item Searched with keyword : html programming
04/07/2022 05:58:37 PM - INFO - C:\kiran\selenium\project4\pages\amz_search_results.py: Item Search completed.
04/07/2022 05:58:47 PM - INFO - C:\kiran\selenium\project4\pages\amz_home.py: Item Searched with keyword : dbms
04/07/2022 05:58:47 PM - INFO - C:\kiran\selenium\project4\pages\amz_search_results.py: Item Search completed.
04/07/2022 06:07:59 PM - INFO - C:\kiran\selenium\project4\pages\amz_home.py: Item Searched with keyword : mysql programming
04/07/2022 06:07:59 PM - INFO - C:\kiran\selenium\project4\pages\amz_search_results.py: Item Search completed.
04/07/2022 06:08:11 PM - INFO - C:\kiran\selenium\project4\pages\amz_home.py: Item Searched with keyword : html programming
04/07/2022 06:08:12 PM - INFO - C:\kiran\selenium\project4\pages\amz_search_results.py: Item Search completed.
04/07/2022 06:08:25 PM - INFO - C:\kiran\selenium\project4\pages\amz_home.py: Item Searched with keyword : dbms
04/07/2022 06:08:25 PM - INFO - C:\kiran\selenium\project4\pages\amz_search_results.py: Item Search completed.
04/07/2022 08:48:58 PM - INFO - C:\kiran\selenium\project4\pages\amz_home.py: Item Searched with keyword : mysql programming
04/07/2022 08:48:58 PM - INFO - C:\kiran\selenium\project4\pages\amz_search_results.py: Item Search completed.
04/07/2022 08:49:10 PM - INFO - C:\kiran\selenium\project4\pages\amz_home.py: Item Searched with keyword : html programming
04/07/2022 08:49:10 PM - INFO - C:\kiran\selenium\project4\pages\amz_search_results.py: Item Search completed.
04/07/2022 08:49:21 PM - INFO - C:\kiran\selenium\project4\pages\amz_home.py: Item Searched with keyword : dbms
04/07/2022 08:49:21 PM - INFO - C:\kiran\selenium\project4\pages\amz_search_results.py: Item Search completed.
04/07/2022 08:58:42 PM - INFO - C:\kiran\selenium\project4\pages\amz_home.py: Item Searched with keyword : mysql programming
04/07/2022 08:58:42 PM - INFO - C:\kiran\selenium\project4\pages\amz_search_results.py: Item Search completed.
04/07/2022 08:58:53 PM - INFO - C:\kiran\selenium\project4\pages\amz_home.py: Item Searched with keyword : html programming
04/07/2022 08:58:53 PM - INFO - C:\kiran\selenium\project4\pages\amz_search_results.py: Item Search completed.
04/07/2022 08:59:04 PM - INFO - C:\kiran\selenium\project4\pages\amz_home.py: Item Searched with keyword : dbms
04/07/2022 08:59:04 PM - INFO - C:\kiran\selenium\project4\pages\amz_search_results.py: Item Search completed.
04/07/2022 09:29:57 PM - INFO - C:\kiran\selenium\project4\pages\amz_home.py: Item Searched with keyword : mysql programming
04/07/2022 09:29:57 PM - INFO - C:\kiran\selenium\project4\pages\amz_search_results.py: Item Search completed.
04/07/2022 09:30:54 PM - INFO - C:\kiran\selenium\project4\pages\amz_home.py: Item Searched with keyword : mysql programming
04/07/2022 09:30:54 PM - INFO - C:\kiran\selenium\project4\pages\amz_search_results.py: Item Search completed.
04/07/2022 09:31:04 PM - INFO - C:\kiran\selenium\project4\pages\amz_home.py: Item Searched with keyword : html programming
04/07/2022 09:31:04 PM - INFO - C:\kiran\selenium\project4\pages\amz_search_results.py: Item Search completed.
04/07/2022 09:31:14 PM - INFO - C:\kiran\selenium\project4\pages\amz_home.py: Item Searched with keyword : dbms
04/07/2022 09:31:14 PM - INFO - C:\kiran\selenium\project4\pages\amz_search_results.py: Item Search completed.
05/07/2022 09:35:20 PM - INFO - C:\kiran\selenium\project4\pages\amz_home.py: Item Searched with keyword : mysql programming
05/07/2022 09:35:20 PM - INFO - C:\kiran\selenium\project4\pages\amz_search_results.py: Item Search completed.
05/07/2022 09:35:33 PM - INFO - C:\kiran\selenium\project4\pages\amz_home.py: Item Searched with keyword : html programming
05/07/2022 09:35:33 PM - INFO - C:\kiran\selenium\project4\pages\amz_search_results.py: Item Search completed.
05/07/2022 09:35:43 PM - INFO - C:\kiran\selenium\project4\pages\amz_home.py: Item Searched with keyword : dbms
05/07/2022 09:35:43 PM - INFO - C:\kiran\selenium\project4\pages\amz_search_results.py: Item Search completed.
